{"/root/проекты/frontend-project-46/src/getdiff.js": {"path":"/root/проекты/frontend-project-46/src/getdiff.js","all":false,"statementMap":{"0":{"start":{"line":1,"column":0},"end":{"line":1,"column":23}},"1":{"start":{"line":2,"column":0},"end":{"line":2,"column":24}},"2":{"start":{"line":3,"column":0},"end":{"line":3,"column":20}},"3":{"start":{"line":4,"column":0},"end":{"line":4,"column":33}},"4":{"start":{"line":5,"column":0},"end":{"line":5,"column":38}},"5":{"start":{"line":6,"column":0},"end":{"line":6,"column":0}},"6":{"start":{"line":7,"column":0},"end":{"line":7,"column":35}},"7":{"start":{"line":8,"column":0},"end":{"line":8,"column":35}},"8":{"start":{"line":9,"column":0},"end":{"line":9,"column":35}},"9":{"start":{"line":10,"column":0},"end":{"line":10,"column":53}},"10":{"start":{"line":11,"column":0},"end":{"line":11,"column":0}},"11":{"start":{"line":12,"column":0},"end":{"line":12,"column":42}},"12":{"start":{"line":13,"column":0},"end":{"line":13,"column":69}},"13":{"start":{"line":14,"column":0},"end":{"line":14,"column":80}},"14":{"start":{"line":15,"column":0},"end":{"line":15,"column":5}},"15":{"start":{"line":16,"column":0},"end":{"line":16,"column":37}},"16":{"start":{"line":17,"column":0},"end":{"line":17,"column":55}},"17":{"start":{"line":18,"column":0},"end":{"line":18,"column":5}},"18":{"start":{"line":19,"column":0},"end":{"line":19,"column":37}},"19":{"start":{"line":20,"column":0},"end":{"line":20,"column":57}},"20":{"start":{"line":21,"column":0},"end":{"line":21,"column":5}},"21":{"start":{"line":22,"column":0},"end":{"line":22,"column":45}},"22":{"start":{"line":23,"column":0},"end":{"line":23,"column":14}},"23":{"start":{"line":24,"column":0},"end":{"line":24,"column":69}},"24":{"start":{"line":25,"column":0},"end":{"line":25,"column":8}},"25":{"start":{"line":26,"column":0},"end":{"line":26,"column":5}},"26":{"start":{"line":27,"column":0},"end":{"line":27,"column":57}},"27":{"start":{"line":28,"column":0},"end":{"line":28,"column":5}},"28":{"start":{"line":29,"column":0},"end":{"line":29,"column":0}},"29":{"start":{"line":30,"column":0},"end":{"line":30,"column":16}},"30":{"start":{"line":31,"column":0},"end":{"line":31,"column":2}},"31":{"start":{"line":32,"column":0},"end":{"line":32,"column":0}},"32":{"start":{"line":33,"column":0},"end":{"line":33,"column":31}},"33":{"start":{"line":34,"column":0},"end":{"line":34,"column":64}},"34":{"start":{"line":35,"column":0},"end":{"line":35,"column":54}},"35":{"start":{"line":36,"column":0},"end":{"line":36,"column":41}},"36":{"start":{"line":37,"column":0},"end":{"line":37,"column":2}},"37":{"start":{"line":38,"column":0},"end":{"line":38,"column":0}},"38":{"start":{"line":39,"column":0},"end":{"line":39,"column":107}},"39":{"start":{"line":40,"column":0},"end":{"line":40,"column":0}},"40":{"start":{"line":41,"column":0},"end":{"line":41,"column":23}}},"s":{"0":1,"1":1,"2":1,"3":1,"4":1,"5":1,"6":1,"7":30,"8":30,"9":30,"10":30,"11":30,"12":108,"13":24,"14":24,"15":108,"16":30,"17":30,"18":108,"19":12,"20":12,"21":108,"22":24,"23":24,"24":24,"25":24,"26":18,"27":30,"28":30,"29":30,"30":30,"31":1,"32":1,"33":12,"34":12,"35":12,"36":12,"37":1,"38":1,"39":1,"40":1},"branchMap":{"0":{"type":"branch","line":7,"loc":{"start":{"line":7,"column":16},"end":{"line":31,"column":2}},"locations":[{"start":{"line":7,"column":16},"end":{"line":31,"column":2}}]},"1":{"type":"branch","line":12,"loc":{"start":{"line":12,"column":33},"end":{"line":28,"column":3}},"locations":[{"start":{"line":12,"column":33},"end":{"line":28,"column":3}}]},"2":{"type":"branch","line":13,"loc":{"start":{"line":13,"column":35},"end":{"line":13,"column":66}},"locations":[{"start":{"line":13,"column":35},"end":{"line":13,"column":66}}]},"3":{"type":"branch","line":13,"loc":{"start":{"line":13,"column":68},"end":{"line":15,"column":5}},"locations":[{"start":{"line":13,"column":68},"end":{"line":15,"column":5}}]},"4":{"type":"branch","line":15,"loc":{"start":{"line":15,"column":4},"end":{"line":16,"column":36}},"locations":[{"start":{"line":15,"column":4},"end":{"line":16,"column":36}}]},"5":{"type":"branch","line":16,"loc":{"start":{"line":16,"column":36},"end":{"line":18,"column":5}},"locations":[{"start":{"line":16,"column":36},"end":{"line":18,"column":5}}]},"6":{"type":"branch","line":18,"loc":{"start":{"line":18,"column":4},"end":{"line":19,"column":36}},"locations":[{"start":{"line":18,"column":4},"end":{"line":19,"column":36}}]},"7":{"type":"branch","line":19,"loc":{"start":{"line":19,"column":36},"end":{"line":21,"column":5}},"locations":[{"start":{"line":19,"column":36},"end":{"line":21,"column":5}}]},"8":{"type":"branch","line":21,"loc":{"start":{"line":21,"column":4},"end":{"line":22,"column":44}},"locations":[{"start":{"line":21,"column":4},"end":{"line":22,"column":44}}]},"9":{"type":"branch","line":22,"loc":{"start":{"line":22,"column":44},"end":{"line":26,"column":5}},"locations":[{"start":{"line":22,"column":44},"end":{"line":26,"column":5}}]},"10":{"type":"branch","line":26,"loc":{"start":{"line":26,"column":4},"end":{"line":28,"column":3}},"locations":[{"start":{"line":26,"column":4},"end":{"line":28,"column":3}}]},"11":{"type":"branch","line":33,"loc":{"start":{"line":33,"column":17},"end":{"line":37,"column":2}},"locations":[{"start":{"line":33,"column":17},"end":{"line":37,"column":2}}]},"12":{"type":"branch","line":39,"loc":{"start":{"line":39,"column":16},"end":{"line":39,"column":106}},"locations":[{"start":{"line":39,"column":16},"end":{"line":39,"column":106}}]}},"b":{"0":[30],"1":[108],"2":[36],"3":[24],"4":[84],"5":[30],"6":[54],"7":[12],"8":[42],"9":[24],"10":[18],"11":[12],"12":[6]},"fnMap":{"0":{"name":"compare","decl":{"start":{"line":7,"column":16},"end":{"line":31,"column":2}},"loc":{"start":{"line":7,"column":16},"end":{"line":31,"column":2}},"line":7},"1":{"name":"getData","decl":{"start":{"line":33,"column":17},"end":{"line":37,"column":2}},"loc":{"start":{"line":33,"column":17},"end":{"line":37,"column":2}},"line":33},"2":{"name":"getDiff","decl":{"start":{"line":39,"column":16},"end":{"line":39,"column":106}},"loc":{"start":{"line":39,"column":16},"end":{"line":39,"column":106}},"line":39}},"f":{"0":30,"1":12,"2":6}}
,"/root/проекты/frontend-project-46/src/parsers.js": {"path":"/root/проекты/frontend-project-46/src/parsers.js","all":false,"statementMap":{"0":{"start":{"line":1,"column":0},"end":{"line":1,"column":27}},"1":{"start":{"line":2,"column":0},"end":{"line":2,"column":0}},"2":{"start":{"line":3,"column":0},"end":{"line":3,"column":40}},"3":{"start":{"line":4,"column":0},"end":{"line":4,"column":19}},"4":{"start":{"line":5,"column":0},"end":{"line":5,"column":15}},"5":{"start":{"line":6,"column":0},"end":{"line":6,"column":47}},"6":{"start":{"line":7,"column":0},"end":{"line":7,"column":44}},"7":{"start":{"line":8,"column":0},"end":{"line":8,"column":3}},"8":{"start":{"line":9,"column":0},"end":{"line":9,"column":2}},"9":{"start":{"line":10,"column":0},"end":{"line":10,"column":0}},"10":{"start":{"line":11,"column":0},"end":{"line":11,"column":21}}},"s":{"0":1,"1":1,"2":1,"3":12,"4":12,"5":12,"6":12,"7":12,"8":12,"9":1,"10":1},"branchMap":{"0":{"type":"branch","line":3,"loc":{"start":{"line":3,"column":14},"end":{"line":9,"column":2}},"locations":[{"start":{"line":3,"column":14},"end":{"line":9,"column":2}}]},"1":{"type":"branch","line":5,"loc":{"start":{"line":5,"column":4},"end":{"line":5,"column":15}},"locations":[{"start":{"line":5,"column":4},"end":{"line":5,"column":15}}]},"2":{"type":"branch","line":6,"loc":{"start":{"line":6,"column":4},"end":{"line":6,"column":47}},"locations":[{"start":{"line":6,"column":4},"end":{"line":6,"column":47}}]},"3":{"type":"branch","line":7,"loc":{"start":{"line":7,"column":4},"end":{"line":7,"column":44}},"locations":[{"start":{"line":7,"column":4},"end":{"line":7,"column":44}}]}},"b":{"0":[12],"1":[6],"2":[6],"3":[6]},"fnMap":{"0":{"name":"parse","decl":{"start":{"line":3,"column":14},"end":{"line":9,"column":2}},"loc":{"start":{"line":3,"column":14},"end":{"line":9,"column":2}},"line":3}},"f":{"0":12}}
,"/root/проекты/frontend-project-46/src/formatters/ast.js": {"path":"/root/проекты/frontend-project-46/src/formatters/ast.js","all":false,"statementMap":{"0":{"start":{"line":1,"column":0},"end":{"line":1,"column":35}},"1":{"start":{"line":2,"column":0},"end":{"line":2,"column":31}},"2":{"start":{"line":3,"column":0},"end":{"line":3,"column":0}},"3":{"start":{"line":4,"column":0},"end":{"line":4,"column":39}},"4":{"start":{"line":5,"column":0},"end":{"line":5,"column":23}},"5":{"start":{"line":6,"column":0},"end":{"line":6,"column":43}},"6":{"start":{"line":7,"column":0},"end":{"line":7,"column":51}},"7":{"start":{"line":8,"column":0},"end":{"line":8,"column":47}},"8":{"start":{"line":9,"column":0},"end":{"line":9,"column":65}},"9":{"start":{"line":10,"column":0},"end":{"line":10,"column":3}},"10":{"start":{"line":11,"column":0},"end":{"line":11,"column":2}},"11":{"start":{"line":12,"column":0},"end":{"line":12,"column":0}},"12":{"start":{"line":13,"column":0},"end":{"line":13,"column":19}}},"s":{"0":1,"1":1,"2":1,"3":1,"4":6,"5":6,"6":6,"7":6,"8":6,"9":6,"10":6,"11":1,"12":1},"branchMap":{"0":{"type":"branch","line":4,"loc":{"start":{"line":4,"column":12},"end":{"line":11,"column":2}},"locations":[{"start":{"line":4,"column":12},"end":{"line":11,"column":2}}]},"1":{"type":"branch","line":6,"loc":{"start":{"line":6,"column":4},"end":{"line":6,"column":43}},"locations":[{"start":{"line":6,"column":4},"end":{"line":6,"column":43}}]},"2":{"type":"branch","line":7,"loc":{"start":{"line":7,"column":4},"end":{"line":7,"column":51}},"locations":[{"start":{"line":7,"column":4},"end":{"line":7,"column":51}}]},"3":{"type":"branch","line":8,"loc":{"start":{"line":8,"column":4},"end":{"line":8,"column":47}},"locations":[{"start":{"line":8,"column":4},"end":{"line":8,"column":47}}]},"4":{"type":"branch","line":9,"loc":{"start":{"line":9,"column":4},"end":{"line":9,"column":65}},"locations":[{"start":{"line":9,"column":4},"end":{"line":9,"column":65}}]}},"b":{"0":[6],"1":[2],"2":[2],"3":[2],"4":[0]},"fnMap":{"0":{"name":"ast","decl":{"start":{"line":4,"column":12},"end":{"line":11,"column":2}},"loc":{"start":{"line":4,"column":12},"end":{"line":11,"column":2}},"line":4}},"f":{"0":6}}
,"/root/проекты/frontend-project-46/src/formatters/plain.js": {"path":"/root/проекты/frontend-project-46/src/formatters/plain.js","all":false,"statementMap":{"0":{"start":{"line":1,"column":0},"end":{"line":1,"column":29}},"1":{"start":{"line":2,"column":0},"end":{"line":2,"column":59}},"2":{"start":{"line":3,"column":0},"end":{"line":3,"column":55}},"3":{"start":{"line":4,"column":0},"end":{"line":4,"column":2}},"4":{"start":{"line":5,"column":0},"end":{"line":5,"column":0}},"5":{"start":{"line":6,"column":0},"end":{"line":6,"column":28}},"6":{"start":{"line":7,"column":0},"end":{"line":7,"column":38}},"7":{"start":{"line":8,"column":0},"end":{"line":8,"column":52}},"8":{"start":{"line":9,"column":0},"end":{"line":9,"column":39}},"9":{"start":{"line":10,"column":0},"end":{"line":10,"column":26}},"10":{"start":{"line":11,"column":0},"end":{"line":11,"column":113}},"11":{"start":{"line":12,"column":0},"end":{"line":12,"column":80}},"12":{"start":{"line":13,"column":0},"end":{"line":13,"column":141}},"13":{"start":{"line":14,"column":0},"end":{"line":14,"column":67}},"14":{"start":{"line":15,"column":0},"end":{"line":15,"column":54}},"15":{"start":{"line":16,"column":0},"end":{"line":16,"column":38}},"16":{"start":{"line":17,"column":0},"end":{"line":17,"column":71}},"17":{"start":{"line":18,"column":0},"end":{"line":18,"column":7}},"18":{"start":{"line":19,"column":0},"end":{"line":19,"column":11}},"19":{"start":{"line":20,"column":0},"end":{"line":20,"column":52}},"20":{"start":{"line":21,"column":0},"end":{"line":21,"column":4}},"21":{"start":{"line":22,"column":0},"end":{"line":22,"column":36}},"22":{"start":{"line":23,"column":0},"end":{"line":23,"column":2}},"23":{"start":{"line":24,"column":0},"end":{"line":24,"column":0}},"24":{"start":{"line":25,"column":0},"end":{"line":25,"column":21}}},"s":{"0":1,"1":26,"2":26,"3":26,"4":1,"5":1,"6":2,"7":10,"8":10,"9":36,"10":36,"11":36,"12":36,"13":36,"14":8,"15":36,"16":36,"17":36,"18":10,"19":10,"20":2,"21":2,"22":2,"23":1,"24":1},"branchMap":{"0":{"type":"branch","line":1,"loc":{"start":{"line":1,"column":19},"end":{"line":4,"column":2}},"locations":[{"start":{"line":1,"column":19},"end":{"line":4,"column":2}}]},"1":{"type":"branch","line":2,"loc":{"start":{"line":2,"column":30},"end":{"line":2,"column":59}},"locations":[{"start":{"line":2,"column":30},"end":{"line":2,"column":59}}]},"2":{"type":"branch","line":2,"loc":{"start":{"line":2,"column":58},"end":{"line":3,"column":36}},"locations":[{"start":{"line":2,"column":58},"end":{"line":3,"column":36}}]},"3":{"type":"branch","line":3,"loc":{"start":{"line":3,"column":33},"end":{"line":3,"column":47}},"locations":[{"start":{"line":3,"column":33},"end":{"line":3,"column":47}}]},"4":{"type":"branch","line":3,"loc":{"start":{"line":3,"column":47},"end":{"line":3,"column":54}},"locations":[{"start":{"line":3,"column":47},"end":{"line":3,"column":54}}]},"5":{"type":"branch","line":6,"loc":{"start":{"line":6,"column":15},"end":{"line":23,"column":2}},"locations":[{"start":{"line":6,"column":15},"end":{"line":23,"column":2}}]},"6":{"type":"branch","line":7,"loc":{"start":{"line":7,"column":16},"end":{"line":21,"column":3}},"locations":[{"start":{"line":7,"column":16},"end":{"line":21,"column":3}}]},"7":{"type":"branch","line":8,"loc":{"start":{"line":8,"column":33},"end":{"line":8,"column":38}},"locations":[{"start":{"line":8,"column":33},"end":{"line":8,"column":38}}]},"8":{"type":"branch","line":8,"loc":{"start":{"line":8,"column":38},"end":{"line":8,"column":51}},"locations":[{"start":{"line":8,"column":38},"end":{"line":8,"column":51}}]},"9":{"type":"branch","line":9,"loc":{"start":{"line":9,"column":29},"end":{"line":19,"column":5}},"locations":[{"start":{"line":9,"column":29},"end":{"line":19,"column":5}}]},"10":{"type":"branch","line":11,"loc":{"start":{"line":11,"column":8},"end":{"line":11,"column":113}},"locations":[{"start":{"line":11,"column":8},"end":{"line":11,"column":113}}]},"11":{"type":"branch","line":12,"loc":{"start":{"line":12,"column":8},"end":{"line":12,"column":80}},"locations":[{"start":{"line":12,"column":8},"end":{"line":12,"column":80}}]},"12":{"type":"branch","line":13,"loc":{"start":{"line":13,"column":8},"end":{"line":13,"column":141}},"locations":[{"start":{"line":13,"column":8},"end":{"line":13,"column":141}}]},"13":{"type":"branch","line":14,"loc":{"start":{"line":14,"column":8},"end":{"line":15,"column":54}},"locations":[{"start":{"line":14,"column":8},"end":{"line":15,"column":54}}]},"14":{"type":"branch","line":16,"loc":{"start":{"line":16,"column":8},"end":{"line":16,"column":38}},"locations":[{"start":{"line":16,"column":8},"end":{"line":16,"column":38}}]},"15":{"type":"branch","line":17,"loc":{"start":{"line":17,"column":8},"end":{"line":17,"column":71}},"locations":[{"start":{"line":17,"column":8},"end":{"line":17,"column":71}}]},"16":{"type":"branch","line":20,"loc":{"start":{"line":20,"column":26},"end":{"line":20,"column":39}},"locations":[{"start":{"line":20,"column":26},"end":{"line":20,"column":39}}]}},"b":{"0":[26],"1":[6],"2":[20],"3":[14],"4":[6],"5":[2],"6":[10],"7":[2],"8":[8],"9":[36],"10":[10],"11":[4],"12":[8],"13":[8],"14":[6],"15":[0],"16":[36]},"fnMap":{"0":{"name":"stringify","decl":{"start":{"line":1,"column":19},"end":{"line":4,"column":2}},"loc":{"start":{"line":1,"column":19},"end":{"line":4,"column":2}},"line":1},"1":{"name":"plain","decl":{"start":{"line":6,"column":15},"end":{"line":23,"column":2}},"loc":{"start":{"line":6,"column":15},"end":{"line":23,"column":2}},"line":6},"2":{"name":"inner","decl":{"start":{"line":7,"column":16},"end":{"line":21,"column":3}},"loc":{"start":{"line":7,"column":16},"end":{"line":21,"column":3}},"line":7}},"f":{"0":26,"1":2,"2":10}}
,"/root/проекты/frontend-project-46/src/formatters/stylish.js": {"path":"/root/проекты/frontend-project-46/src/formatters/stylish.js","all":false,"statementMap":{"0":{"start":{"line":1,"column":0},"end":{"line":1,"column":97}},"1":{"start":{"line":2,"column":0},"end":{"line":2,"column":0}},"2":{"start":{"line":3,"column":0},"end":{"line":3,"column":36}},"3":{"start":{"line":4,"column":0},"end":{"line":4,"column":49}},"4":{"start":{"line":5,"column":0},"end":{"line":5,"column":39}},"5":{"start":{"line":6,"column":0},"end":{"line":6,"column":116}},"6":{"start":{"line":7,"column":0},"end":{"line":7,"column":37}},"7":{"start":{"line":8,"column":0},"end":{"line":8,"column":2}},"8":{"start":{"line":9,"column":0},"end":{"line":9,"column":0}},"9":{"start":{"line":10,"column":0},"end":{"line":10,"column":32}},"10":{"start":{"line":11,"column":0},"end":{"line":11,"column":34}},"11":{"start":{"line":12,"column":0},"end":{"line":12,"column":36}},"12":{"start":{"line":13,"column":0},"end":{"line":13,"column":34}},"13":{"start":{"line":14,"column":0},"end":{"line":14,"column":26}},"14":{"start":{"line":15,"column":0},"end":{"line":15,"column":99}},"15":{"start":{"line":16,"column":0},"end":{"line":16,"column":101}},"16":{"start":{"line":17,"column":0},"end":{"line":17,"column":172}},"17":{"start":{"line":18,"column":0},"end":{"line":18,"column":124}},"18":{"start":{"line":19,"column":0},"end":{"line":19,"column":103}},"19":{"start":{"line":20,"column":0},"end":{"line":20,"column":71}},"20":{"start":{"line":21,"column":0},"end":{"line":21,"column":7}},"21":{"start":{"line":22,"column":0},"end":{"line":22,"column":7}},"22":{"start":{"line":23,"column":0},"end":{"line":23,"column":26}},"23":{"start":{"line":24,"column":0},"end":{"line":24,"column":4}},"24":{"start":{"line":25,"column":0},"end":{"line":25,"column":40}},"25":{"start":{"line":26,"column":0},"end":{"line":26,"column":2}},"26":{"start":{"line":27,"column":0},"end":{"line":27,"column":0}},"27":{"start":{"line":28,"column":0},"end":{"line":28,"column":23}}},"s":{"0":1,"1":1,"2":1,"3":54,"4":14,"5":14,"6":14,"7":14,"8":1,"9":1,"10":2,"11":10,"12":36,"13":36,"14":36,"15":36,"16":36,"17":36,"18":36,"19":36,"20":36,"21":10,"22":10,"23":2,"24":2,"25":2,"26":1,"27":1},"branchMap":{"0":{"type":"branch","line":1,"loc":{"start":{"line":1,"column":14},"end":{"line":1,"column":96}},"locations":[{"start":{"line":1,"column":14},"end":{"line":1,"column":96}}]},"1":{"type":"branch","line":3,"loc":{"start":{"line":3,"column":18},"end":{"line":8,"column":2}},"locations":[{"start":{"line":3,"column":18},"end":{"line":8,"column":2}}]},"2":{"type":"branch","line":4,"loc":{"start":{"line":4,"column":33},"end":{"line":4,"column":49}},"locations":[{"start":{"line":4,"column":33},"end":{"line":4,"column":49}}]},"3":{"type":"branch","line":4,"loc":{"start":{"line":4,"column":48},"end":{"line":8,"column":2}},"locations":[{"start":{"line":4,"column":48},"end":{"line":8,"column":2}}]},"4":{"type":"branch","line":6,"loc":{"start":{"line":6,"column":26},"end":{"line":6,"column":105}},"locations":[{"start":{"line":6,"column":26},"end":{"line":6,"column":105}}]},"5":{"type":"branch","line":10,"loc":{"start":{"line":10,"column":17},"end":{"line":26,"column":2}},"locations":[{"start":{"line":10,"column":17},"end":{"line":26,"column":2}}]},"6":{"type":"branch","line":11,"loc":{"start":{"line":11,"column":16},"end":{"line":24,"column":3}},"locations":[{"start":{"line":11,"column":16},"end":{"line":24,"column":3}}]},"7":{"type":"branch","line":12,"loc":{"start":{"line":12,"column":26},"end":{"line":22,"column":5}},"locations":[{"start":{"line":12,"column":26},"end":{"line":22,"column":5}}]},"8":{"type":"branch","line":15,"loc":{"start":{"line":15,"column":8},"end":{"line":15,"column":99}},"locations":[{"start":{"line":15,"column":8},"end":{"line":15,"column":99}}]},"9":{"type":"branch","line":16,"loc":{"start":{"line":16,"column":8},"end":{"line":16,"column":101}},"locations":[{"start":{"line":16,"column":8},"end":{"line":16,"column":101}}]},"10":{"type":"branch","line":17,"loc":{"start":{"line":17,"column":8},"end":{"line":17,"column":172}},"locations":[{"start":{"line":17,"column":8},"end":{"line":17,"column":172}}]},"11":{"type":"branch","line":18,"loc":{"start":{"line":18,"column":8},"end":{"line":18,"column":124}},"locations":[{"start":{"line":18,"column":8},"end":{"line":18,"column":124}}]},"12":{"type":"branch","line":19,"loc":{"start":{"line":19,"column":8},"end":{"line":19,"column":103}},"locations":[{"start":{"line":19,"column":8},"end":{"line":19,"column":103}}]},"13":{"type":"branch","line":20,"loc":{"start":{"line":20,"column":8},"end":{"line":20,"column":71}},"locations":[{"start":{"line":20,"column":8},"end":{"line":20,"column":71}}]}},"b":{"0":[84],"1":[54],"2":[40],"3":[14],"4":[18],"5":[2],"6":[10],"7":[36],"8":[10],"9":[4],"10":[8],"11":[8],"12":[6],"13":[0]},"fnMap":{"0":{"name":"space","decl":{"start":{"line":1,"column":14},"end":{"line":1,"column":96}},"loc":{"start":{"line":1,"column":14},"end":{"line":1,"column":96}},"line":1},"1":{"name":"stringify","decl":{"start":{"line":3,"column":18},"end":{"line":8,"column":2}},"loc":{"start":{"line":3,"column":18},"end":{"line":8,"column":2}},"line":3},"2":{"name":"stylish","decl":{"start":{"line":10,"column":17},"end":{"line":26,"column":2}},"loc":{"start":{"line":10,"column":17},"end":{"line":26,"column":2}},"line":10},"3":{"name":"inner","decl":{"start":{"line":11,"column":16},"end":{"line":24,"column":3}},"loc":{"start":{"line":11,"column":16},"end":{"line":24,"column":3}},"line":11}},"f":{"0":84,"1":54,"2":2,"3":10}}
}
