TN:
SF:src/getdiff.js
FN:7,compare
FN:33,getData
FN:39,getDiff
FNF:3
FNH:3
FNDA:30,compare
FNDA:12,getData
FNDA:6,getDiff
DA:1,1
DA:2,1
DA:3,1
DA:4,1
DA:5,1
DA:6,1
DA:7,1
DA:8,30
DA:9,30
DA:10,30
DA:11,30
DA:12,30
DA:13,108
DA:14,24
DA:15,24
DA:16,108
DA:17,30
DA:18,30
DA:19,108
DA:20,12
DA:21,12
DA:22,108
DA:23,24
DA:24,24
DA:25,24
DA:26,24
DA:27,18
DA:28,30
DA:29,30
DA:30,30
DA:31,30
DA:32,1
DA:33,1
DA:34,12
DA:35,12
DA:36,12
DA:37,12
DA:38,1
DA:39,1
DA:40,1
DA:41,1
LF:41
LH:41
BRDA:7,0,0,30
BRDA:12,1,0,108
BRDA:13,2,0,36
BRDA:13,3,0,24
BRDA:15,4,0,84
BRDA:16,5,0,30
BRDA:18,6,0,54
BRDA:19,7,0,12
BRDA:21,8,0,42
BRDA:22,9,0,24
BRDA:26,10,0,18
BRDA:33,11,0,12
BRDA:39,12,0,6
BRF:13
BRH:13
end_of_record
TN:
SF:src/parsers.js
FN:3,parse
FNF:1
FNH:1
FNDA:12,parse
DA:1,1
DA:2,1
DA:3,1
DA:4,12
DA:5,12
DA:6,12
DA:7,12
DA:8,12
DA:9,12
DA:10,1
DA:11,1
LF:11
LH:11
BRDA:3,0,0,12
BRDA:5,1,0,6
BRDA:6,2,0,6
BRDA:7,3,0,6
BRF:4
BRH:4
end_of_record
TN:
SF:src/formatters/ast.js
FN:4,ast
FNF:1
FNH:1
FNDA:6,ast
DA:1,1
DA:2,1
DA:3,1
DA:4,1
DA:5,6
DA:6,6
DA:7,6
DA:8,6
DA:9,6
DA:10,6
DA:11,6
DA:12,1
DA:13,1
LF:13
LH:13
BRDA:4,0,0,6
BRDA:6,1,0,2
BRDA:7,2,0,2
BRDA:8,3,0,2
BRDA:9,4,0,0
BRF:5
BRH:4
end_of_record
TN:
SF:src/formatters/plain.js
FN:1,stringify
FN:6,plain
FN:7,inner
FNF:3
FNH:3
FNDA:26,stringify
FNDA:2,plain
FNDA:10,inner
DA:1,1
DA:2,26
DA:3,26
DA:4,26
DA:5,1
DA:6,1
DA:7,2
DA:8,10
DA:9,10
DA:10,36
DA:11,36
DA:12,36
DA:13,36
DA:14,36
DA:15,8
DA:16,36
DA:17,36
DA:18,36
DA:19,10
DA:20,10
DA:21,2
DA:22,2
DA:23,2
DA:24,1
DA:25,1
LF:25
LH:25
BRDA:1,0,0,26
BRDA:2,1,0,6
BRDA:2,2,0,20
BRDA:3,3,0,14
BRDA:3,4,0,6
BRDA:6,5,0,2
BRDA:7,6,0,10
BRDA:8,7,0,2
BRDA:8,8,0,8
BRDA:9,9,0,36
BRDA:11,10,0,10
BRDA:12,11,0,4
BRDA:13,12,0,8
BRDA:14,13,0,8
BRDA:16,14,0,6
BRDA:17,15,0,0
BRDA:20,16,0,36
BRF:17
BRH:16
end_of_record
TN:
SF:src/formatters/stylish.js
FN:1,space
FN:3,stringify
FN:10,stylish
FN:11,inner
FNF:4
FNH:4
FNDA:84,space
FNDA:54,stringify
FNDA:2,stylish
FNDA:10,inner
DA:1,1
DA:2,1
DA:3,1
DA:4,54
DA:5,14
DA:6,14
DA:7,14
DA:8,14
DA:9,1
DA:10,1
DA:11,2
DA:12,10
DA:13,36
DA:14,36
DA:15,36
DA:16,36
DA:17,36
DA:18,36
DA:19,36
DA:20,36
DA:21,36
DA:22,10
DA:23,10
DA:24,2
DA:25,2
DA:26,2
DA:27,1
DA:28,1
LF:28
LH:28
BRDA:1,0,0,84
BRDA:3,1,0,54
BRDA:4,2,0,40
BRDA:4,3,0,14
BRDA:6,4,0,18
BRDA:10,5,0,2
BRDA:11,6,0,10
BRDA:12,7,0,36
BRDA:15,8,0,10
BRDA:16,9,0,4
BRDA:17,10,0,8
BRDA:18,11,0,8
BRDA:19,12,0,6
BRDA:20,13,0,0
BRF:14
BRH:13
end_of_record
