TN:
SF:src/compareValues.js
FN:3,compareValues
FNF:1
FNH:1
FNDA:1,compareValues
DA:1,1
DA:2,1
DA:3,1
DA:4,1
DA:5,1
DA:6,1
DA:7,1
DA:8,5
DA:9,5
DA:10,5
DA:11,5
DA:12,1
DA:13,1
DA:14,5
DA:15,2
DA:16,2
DA:17,5
DA:18,0
DA:19,0
DA:20,5
DA:21,1
DA:22,1
DA:23,1
DA:24,1
DA:25,1
DA:26,1
DA:27,1
DA:28,1
DA:29,1
DA:30,1
DA:31,1
DA:32,1
LF:32
LH:30
BRDA:3,0,0,1
BRDA:7,1,0,5
BRDA:11,2,0,1
BRDA:13,3,0,4
BRDA:14,4,0,2
BRDA:17,5,0,0
BRDA:17,6,0,0
BRDA:19,7,0,2
BRDA:20,8,0,1
BRF:9
BRH:7
end_of_record
TN:
SF:src/gendifflogic.js
FN:7,extractingContent
FN:16,genDiff
FNF:2
FNH:2
FNDA:3,extractingContent
FNDA:2,genDiff
DA:1,1
DA:2,1
DA:3,1
DA:4,1
DA:5,1
DA:6,1
DA:7,1
DA:8,3
DA:9,3
DA:10,3
DA:11,3
DA:12,3
DA:13,3
DA:14,3
DA:15,1
DA:16,1
DA:17,2
DA:18,2
DA:19,2
DA:20,2
DA:21,2
DA:22,2
DA:23,2
DA:24,2
DA:25,2
DA:26,2
DA:27,2
DA:28,2
DA:29,1
DA:30,1
LF:30
LH:30
BRDA:7,0,0,3
BRDA:16,1,0,2
BRF:2
BRH:2
end_of_record
TN:
SF:src/parsers.js
FN:3,parser
FNF:1
FNH:1
FNDA:2,parser
DA:1,1
DA:2,1
DA:3,1
DA:4,2
DA:5,2
DA:6,2
DA:7,0
DA:8,2
DA:9,0
DA:10,0
DA:11,0
DA:12,0
DA:13,0
DA:14,1
DA:15,1
LF:15
LH:9
BRDA:3,0,0,2
BRDA:6,1,0,0
BRDA:8,2,0,0
BRF:3
BRH:1
end_of_record
TN:
SF:src/formatters/getFormatter.js
FN:11,getFormatter
FNF:1
FNH:1
FNDA:1,getFormatter
DA:1,1
DA:2,1
DA:3,1
DA:4,1
DA:5,1
DA:6,1
DA:7,1
DA:8,1
DA:9,1
DA:10,1
DA:11,1
DA:12,1
DA:13,1
DA:14,1
DA:15,0
DA:16,0
DA:17,0
DA:18,1
DA:19,1
LF:19
LH:16
BRDA:11,0,0,1
BRDA:14,1,0,0
BRF:2
BRH:1
end_of_record
TN:
SF:src/formatters/json.js
FN:1,jsonFormat
FNF:1
FNH:0
FNDA:0,jsonFormat
DA:1,1
DA:2,1
DA:3,1
LF:3
LH:3
BRF:0
BRH:0
end_of_record
TN:
SF:src/formatters/plain.js
FN:3,isComplex
FN:5,formatValue
FN:12,plainFormat
FNF:3
FNH:0
FNDA:0,isComplex
FNDA:0,formatValue
FNDA:0,plainFormat
DA:1,1
DA:2,1
DA:3,1
DA:4,1
DA:5,1
DA:6,0
DA:7,0
DA:8,0
DA:9,0
DA:10,0
DA:11,1
DA:12,1
DA:13,0
DA:14,0
DA:15,0
DA:16,0
DA:17,0
DA:18,0
DA:19,0
DA:20,0
DA:21,0
DA:22,0
DA:23,0
DA:24,0
DA:25,0
DA:26,0
DA:27,0
DA:28,0
DA:29,0
DA:30,0
DA:31,0
DA:32,1
DA:33,1
LF:33
LH:9
BRF:0
BRH:0
end_of_record
TN:
SF:src/formatters/stylish.js
FN:3,indent
FN:5,formatValue
FN:16,stylishFormat
FNF:3
FNH:0
FNDA:0,indent
FNDA:0,formatValue
FNDA:0,stylishFormat
DA:1,1
DA:2,1
DA:3,1
DA:4,1
DA:5,1
DA:6,0
DA:7,0
DA:8,0
DA:9,0
DA:10,0
DA:11,0
DA:12,0
DA:13,0
DA:14,0
DA:15,1
DA:16,1
DA:17,0
DA:18,0
DA:19,0
DA:20,0
DA:21,0
DA:22,0
DA:23,0
DA:24,0
DA:25,0
DA:26,0
DA:27,0
DA:28,0
DA:29,0
DA:30,0
DA:31,0
DA:32,0
DA:33,0
DA:34,0
DA:35,0
DA:36,0
DA:37,0
DA:38,0
DA:39,0
DA:40,0
DA:41,0
DA:42,0
DA:43,0
DA:44,0
DA:45,1
DA:46,1
LF:46
LH:9
BRF:0
BRH:0
end_of_record
